0 info it worked if it ends with ok
1 verbose cli [ 'C:\\Program Files\\nodejs\\node.exe',
1 verbose cli   'C:\\Users\\sbahri\\AppData\\Roaming\\npm\\node_modules\\npm\\bin\\npm-cli.js',
1 verbose cli   'run',
1 verbose cli   'build' ]
2 info using npm@3.10.9
3 info using node@v6.9.1
4 verbose run-script [ 'prebuild', 'build', 'postbuild' ]
5 info lifecycle counter@~prebuild: counter@
6 silly lifecycle counter@~prebuild: no script for prebuild, continuing
7 info lifecycle counter@~build: counter@
8 verbose lifecycle counter@~build: unsafe-perm in lifecycle true
9 verbose lifecycle counter@~build: PATH: C:\Users\sbahri\AppData\Roaming\npm\node_modules\npm\bin\node-gyp-bin;D:\repo\purescript-coui\examples\counter\node_modules\.bin;C:\Users\sbahri\bin;C:\Program Files\Git\mingw64\bin;C:\Program Files\Git\usr\local\bin;C:\Program Files\Git\usr\bin;C:\Program Files\Git\usr\bin;C:\Program Files\Git\mingw64\bin;C:\Program Files\Git\usr\bin;C:\Users\sbahri\bin;C:\WINDOWS\system32;C:\WINDOWS;C:\WINDOWS\System32\Wbem;C:\WINDOWS\System32\WindowsPowerShell\v1.0;C:\HashiCorp\Vagrant\bin;C:\Program Files (x86)\Skype\Phone;C:\Program Files\Microsoft SQL Server\110\Tools\Binn;C:\WINDOWS\system32\config\systemprofile\.dnx\bin;C:\Program Files\Microsoft DNX\Dnvm;C:\Program Files\Microsoft SQL Server\130\Tools\Binn;C:\Program Files\Git\cmd;C:\Program Files (x86)\GnuWin32\bin;C:\Program Files\nodejs;C:\Users\sbahri\AppData\Local\atom\bin;C:\Program Files (x86)\Microsoft VS Code\bin;C:\Users\sbahri\AppData\Roaming\npm;C:\Program Files\Git\usr\bin\vendor_perl;C:\Program Files\Git\usr\bin\core_perl
10 verbose lifecycle counter@~build: CWD: D:\repo\purescript-coui\examples\counter
11 silly lifecycle counter@~build: Args: [ '/d /s /c',
11 silly lifecycle   'pulp browserify --optimise --to dist/counter.js' ]
12 silly lifecycle counter@~build: Returned: code: 1  signal: null
13 info lifecycle counter@~build: Failed to exec build script
14 verbose stack Error: counter@ build: `pulp browserify --optimise --to dist/counter.js`
14 verbose stack Exit status 1
14 verbose stack     at EventEmitter.<anonymous> (C:\Users\sbahri\AppData\Roaming\npm\node_modules\npm\lib\utils\lifecycle.js:255:16)
14 verbose stack     at emitTwo (events.js:106:13)
14 verbose stack     at EventEmitter.emit (events.js:191:7)
14 verbose stack     at ChildProcess.<anonymous> (C:\Users\sbahri\AppData\Roaming\npm\node_modules\npm\lib\utils\spawn.js:40:14)
14 verbose stack     at emitTwo (events.js:106:13)
14 verbose stack     at ChildProcess.emit (events.js:191:7)
14 verbose stack     at maybeClose (internal/child_process.js:877:16)
14 verbose stack     at Process.ChildProcess._handle.onexit (internal/child_process.js:226:5)
15 verbose pkgid counter@
16 verbose cwd D:\repo\purescript-coui\examples\counter
17 error Windows_NT 10.0.10240
18 error argv "C:\\Program Files\\nodejs\\node.exe" "C:\\Users\\sbahri\\AppData\\Roaming\\npm\\node_modules\\npm\\bin\\npm-cli.js" "run" "build"
19 error node v6.9.1
20 error npm  v3.10.9
21 error code ELIFECYCLE
22 error counter@ build: `pulp browserify --optimise --to dist/counter.js`
22 error Exit status 1
23 error Failed at the counter@ build script 'pulp browserify --optimise --to dist/counter.js'.
23 error Make sure you have the latest version of node.js and npm installed.
23 error If you do, this is most likely a problem with the counter package,
23 error not with npm itself.
23 error Tell the author that this fails on your system:
23 error     pulp browserify --optimise --to dist/counter.js
23 error You can get information on how to open an issue for this project with:
23 error     npm bugs counter
23 error Or if that isn't available, you can get their info via:
23 error     npm owner ls counter
23 error There is likely additional logging output above.
24 verbose exit [ 1, true ]
